[0m2022.05.20 09:12:27 INFO  Started: Metals version 0.10.9 in workspace '/Users/saremseitz/Documents/Projects/Invest/showcases/reddit-stream/sentiment-stream' for client coc.nvim 0.0.80.[0m
[0m2022.05.20 09:12:29 INFO  time: initialize in 1.66s[0m
[0m2022.05.20 09:12:29 WARN  Build server is not auto-connectable.[0m
[0m2022.05.20 09:12:30 WARN  no build target for: /Users/saremseitz/Documents/Projects/Invest/showcases/reddit-stream/sentiment-stream/src/main/scala/Main.scala[0m
[0m2022.05.20 09:12:34 INFO  no build target: using presentation compiler with only scala-library: 3.1.0[0m
[0m2022.05.20 09:12:42 INFO  running '/Library/Java/JavaVirtualMachines/openjdk-11.0.2.jdk/Contents/Home/bin/java -Djline.terminal=jline.UnsupportedTerminal -Dsbt.log.noformat=true -Dfile.encoding=UTF-8 -jar /var/folders/2d/hl2cr85d2pb2kfbmsng3267c0000gn/T/metals18176106044448117972/sbt-launch.jar -Dbloop.export-jar-classifiers=sources bloopInstall'[0m
[0m2022.05.20 09:12:44 INFO  [info] welcome to sbt 1.6.1 (Oracle Corporation Java 11.0.2)[0m
[0m2022.05.20 09:12:45 INFO  [info] loading global plugins from /Users/saremseitz/.sbt/1.0/plugins[0m
[0m2022.05.20 09:12:49 INFO  [info] loading settings for project sentiment-stream-build-build-build from metals.sbt ...[0m
[0m2022.05.20 09:12:49 INFO  [info] loading project definition from /Users/saremseitz/Documents/Projects/Invest/showcases/reddit-stream/sentiment-stream/project/project/project[0m
[0m2022.05.20 09:12:50 INFO  [info] loading settings for project sentiment-stream-build-build from metals.sbt ...[0m
[0m2022.05.20 09:12:50 INFO  [info] loading project definition from /Users/saremseitz/Documents/Projects/Invest/showcases/reddit-stream/sentiment-stream/project/project[0m
[0m2022.05.20 09:12:52 INFO  [success] Generated .bloop/sentiment-stream-build-build.json[0m
[0m2022.05.20 09:12:52 INFO  [success] Total time: 2 s, completed 20 May 2022, 09:12:52[0m
[0m2022.05.20 09:12:52 INFO  [info] loading settings for project sentiment-stream-build from metals.sbt,plugins.sbt ...[0m
[0m2022.05.20 09:12:53 INFO  [info] loading project definition from /Users/saremseitz/Documents/Projects/Invest/showcases/reddit-stream/sentiment-stream/project[0m
[0m2022.05.20 09:12:53 INFO  [success] Total time: 1 s, completed 20 May 2022, 09:12:54[0m
[0m2022.05.20 09:12:56 ERROR /Users/saremseitz/Documents/Projects/Invest/showcases/reddit-stream/sentiment-stream/build.sbt:18: warning: method in in trait ScopingSetting is deprecated (since 1.5.0): `in` is deprecated; migrate to slash syntax - https://www.scala-sbt.org/1.x/docs/Migrating-from-sbt-013x.html#slash[0m
[0m2022.05.20 09:12:56 ERROR fork in run := true[0m
[0m2022.05.20 09:12:56 ERROR      ^[0m
[0m2022.05.20 09:12:56 ERROR /Users/saremseitz/Documents/Projects/Invest/showcases/reddit-stream/sentiment-stream/build.sbt:21: warning: method in in trait ScopingSetting is deprecated (since 1.5.0): `in` is deprecated; migrate to slash syntax - https://www.scala-sbt.org/1.x/docs/Migrating-from-sbt-013x.html#slash[0m
[0m2022.05.20 09:12:56 ERROR testOptions in Test += Tests.Argument(TestFrameworks.ScalaTest, "-oD")[0m
[0m2022.05.20 09:12:56 ERROR             ^[0m
[0m2022.05.20 09:12:56 INFO  [info] loading settings for project sentiment-stream from build.sbt ...[0m
[0m2022.05.20 09:12:56 INFO  [info] set current project to sentiment-stream (in build file:/Users/saremseitz/Documents/Projects/Invest/showcases/reddit-stream/sentiment-stream/)[0m
[0m2022.05.20 09:13:00 INFO  [success] Generated .bloop/sentiment-stream.json[0m
[0m2022.05.20 09:13:00 INFO  [success] Generated .bloop/sentiment-stream-test.json[0m
[0m2022.05.20 09:13:00 INFO  [success] Total time: 4 s, completed 20 May 2022, 09:13:00[0m
[0m2022.05.20 09:13:00 INFO  time: ran 'sbt bloopInstall' in 18s[0m
[0m2022.05.20 09:13:00 INFO  Attempting to connect to the build server...[0m
Starting the bsp launcher for bloop...
Opening a bsp server connection with 'bsp --protocol local --socket /var/folders/2d/hl2cr85d2pb2kfbmsng3267c0000gn/T/bsp-launcher11476024615085929228/bsp.socket'...
Waiting for the bsp connection to come up...
Waiting for the bsp connection to come up...
Waiting for the bsp connection to come up...
No server running at 127.0.0.1:8212, let's fire one...
Resolving ch.epfl.scala:bloop-frontend_2.12:1.4.11...
Starting bloop server at 127.0.0.1:8212...
Attempting a connection to the server...
Attempting a connection to the server...
Attempting a connection to the server...
Attempting a connection to the server...
Attempting a connection to the server...
Attempting a connection to the server...
[0m[32m[D][0m Waiting for a connection at local:///var/folders/2d/hl2cr85d2pb2kfbmsng3267c0000gn/T/bsp-launcher11476024615085929228/bsp.socket...
The server is listening for incoming connections at local:///var/folders/2d/hl2cr85d2pb2kfbmsng3267c0000gn/T/bsp-launcher11476024615085929228/bsp.socket...
Starting thread that pumps stdin and redirects it to the bsp server...
Starting thread that pumps server stdout and redirects it to the client stdout...
[0m2022.05.20 09:13:03 INFO  tracing is disabled for protocol BSP, to enable tracing of incoming and outgoing JSON messages create an empty file at /Users/saremseitz/Library/Caches/org.scalameta.metals/bsp.trace.json[0m
[0m2022.05.20 09:13:03 INFO  Attempting to connect to the build server...[0m
[0mStarting the bsp launcher for bloop...2022.05.20 09:13:03
 INFO  Attempting to connect to the build server...[0m
Opening a bsp server connection with 'bsp --protocol local --socket /var/folders/2d/hl2cr85d2pb2kfbmsng3267c0000gn/T/bsp-launcher293515533614064666/bsp.socket'...
Waiting for the bsp connection to come up...
Starting the bsp launcher for bloop...
Opening a bsp server connection with 'bsp --protocol local --socket /var/folders/2d/hl2cr85d2pb2kfbmsng3267c0000gn/T/bsp-launcher15570642588892340745/bsp.socket'...
Waiting for the bsp connection to come up...
[0m[32m[D][0m Waiting for a connection at local:///var/folders/2d/hl2cr85d2pb2kfbmsng3267c0000gn/T/bsp-launcher293515533614064666/bsp.socket...
The server is listening for incoming connections at local:///var/folders/2d/hl2cr85d2pb2kfbmsng3267c0000gn/T/bsp-launcher293515533614064666/bsp.socket...
[0m[32m[D][0m Waiting for a connection at local:///var/folders/2d/hl2cr85d2pb2kfbmsng3267c0000gn/T/bsp-launcher15570642588892340745/bsp.socket...
The server is listening for incoming connections at local:///var/folders/2d/hl2cr85d2pb2kfbmsng3267c0000gn/T/bsp-launcher15570642588892340745/bsp.socket...
Starting thread that pumps stdin and redirects it to the bsp server...
Starting thread that pumps stdin and redirects it to the bsp server...
Starting thread that pumps server stdout and redirects it to the client stdout...
Starting thread that pumps server stdout and redirects it to the client stdout...
[0m2022.05.20 09:13:04 INFO  tracing is disabled for protocol BSP, to enable tracing of incoming and outgoing JSON messages create an empty file at /Users/saremseitz/Library/Caches/org.scalameta.metals/bsp.trace.json[0m
[0m2022.05.20 09:13:04 INFO  tracing is disabled for protocol BSP, to enable tracing of incoming and outgoing JSON messages create an empty file at /Users/saremseitz/Library/Caches/org.scalameta.metals/bsp.trace.json[0m
[0m2022.05.20 09:13:04 INFO  time: Connected to build server in 3.38s[0m
[0m2022.05.20 09:13:04 INFO  Connected to Build server: Bloop v1.4.11[0m
[0m2022.05.20 09:13:04 INFO  time: Imported build in 0.14s[0m
[0m2022.05.20 09:13:11 INFO  compiling sentiment-stream (3 scala sources)[0m
[0m2022.05.20 09:13:14 INFO  time: indexed workspace in 9.94s[0m
[0m2022.05.20 09:13:14 INFO  Deduplicating compilation of sentiment-stream from bsp client 'Metals 0.10.9' (since 10.427s)[0m
[0m2022.05.20 09:13:14 INFO  compiling sentiment-stream (3 scala sources)[0m
[0m2022.05.20 09:13:16 INFO  no build target: using presentation compiler with only scala-library: 2.12.15[0m
[0m2022.05.20 09:13:21 INFO  time: compiled sentiment-stream in 7.17s[0m
[0m2022.05.20 09:47:47 INFO  compiling sentiment-stream (1 scala source)[0m
[0m2022.05.20 09:47:49 INFO  time: compiled sentiment-stream in 1.79s[0m
May 20, 2022 9:48:09 AM scala.meta.internal.pc.CompletionProvider expected$1
WARNING: offset 300, count -1, length 1103
[0m2022.05.20 09:48:17 INFO  compiling sentiment-stream (1 scala source)[0m
[0m2022.05.20 09:48:17 INFO  time: compiled sentiment-stream in 0.84s[0m
[0m2022.05.20 10:01:43 INFO  compiling sentiment-stream (1 scala source)[0m
[0m2022.05.20 10:01:46 INFO  time: compiled sentiment-stream in 2.12s[0m
No more data in the client stdin, exiting...
No more data in the client stdin, exiting...
No more data in the client stdin, exiting...
[0m2022.05.21 09:04:04 INFO  Started: Metals version 0.10.9 in workspace '/Users/saremseitz/Documents/Projects/Invest/showcases/reddit-stream/sentiment-stream' for client coc.nvim 0.0.80.[0m
[0m2022.05.21 09:04:05 INFO  time: initialize in 1.55s[0m
[0m2022.05.21 09:04:06 INFO  Attempting to connect to the build server...[0m
Starting the bsp launcher for bloop...
Opening a bsp server connection with 'bsp --protocol local --socket /var/folders/2d/hl2cr85d2pb2kfbmsng3267c0000gn/T/bsp-launcher17818455294045123262/bsp.socket'...
Waiting for the bsp connection to come up...
Waiting for the bsp connection to come up...
[0m2022.05.21 09:04:07 INFO  running '/Library/Java/JavaVirtualMachines/openjdk-11.0.2.jdk/Contents/Home/bin/java -Djline.terminal=jline.UnsupportedTerminal -Dsbt.log.noformat=true -Dfile.encoding=UTF-8 -jar /var/folders/2d/hl2cr85d2pb2kfbmsng3267c0000gn/T/metals15206563446532526791/sbt-launch.jar -Dbloop.export-jar-classifiers=sources bloopInstall'[0m
Waiting for the bsp connection to come up...
No server running at 127.0.0.1:8212, let's fire one...
Resolving ch.epfl.scala:bloop-frontend_2.12:1.4.11...
Starting bloop server at 127.0.0.1:8212...
Attempting a connection to the server...
Attempting a connection to the server...
Attempting a connection to the server...
Attempting a connection to the server...
Attempting a connection to the server...
Attempting a connection to the server...
[0m[32m[D][0m Waiting for a connection at local:///var/folders/2d/hl2cr85d2pb2kfbmsng3267c0000gn/T/bsp-launcher17818455294045123262/bsp.socket...
The server is listening for incoming connections at local:///var/folders/2d/hl2cr85d2pb2kfbmsng3267c0000gn/T/bsp-launcher17818455294045123262/bsp.socket...
Starting thread that pumps stdin and redirects it to the bsp server...
Starting thread that pumps server stdout and redirects it to the client stdout...
[0m2022.05.21 09:04:09 INFO  tracing is disabled for protocol BSP, to enable tracing of incoming and outgoing JSON messages create an empty file at /Users/saremseitz/Library/Caches/org.scalameta.metals/bsp.trace.json[0m
[0m2022.05.21 09:04:10 INFO  [info] welcome to sbt 1.6.1 (Oracle Corporation Java 11.0.2)[0m
[0m2022.05.21 09:04:11 INFO  Attempting to connect to the build server...[0m
Starting the bsp launcher for bloop...
[0mOpening a bsp server connection with 'bsp --protocol local --socket /var/folders/2d/hl2cr85d2pb2kfbmsng3267c0000gn/T/bsp-launcher14924760321494725454/bsp.socket'...2022.05.21 09:04:11
 INFO  Attempting to connect to the build server...[0m
Waiting for the bsp connection to come up...
Starting the bsp launcher for bloop...
Opening a bsp server connection with 'bsp --protocol local --socket /var/folders/2d/hl2cr85d2pb2kfbmsng3267c0000gn/T/bsp-launcher11957575371878994444/bsp.socket'...
Waiting for the bsp connection to come up...
[0m[32m[D][0m Waiting for a connection at local:///var/folders/2d/hl2cr85d2pb2kfbmsng3267c0000gn/T/bsp-launcher11957575371878994444/bsp.socket...
The server is listening for incoming connections at local:///var/folders/2d/hl2cr85d2pb2kfbmsng3267c0000gn/T/bsp-launcher11957575371878994444/bsp.socket...
Starting thread that pumps stdin and redirects it to the bsp server...
Starting thread that pumps server stdout and redirects it to the client stdout...
[0m2022.05.21 09:04:11 INFO  tracing is disabled for protocol BSP, to enable tracing of incoming and outgoing JSON messages create an empty file at /Users/saremseitz/Library/Caches/org.scalameta.metals/bsp.trace.json[0m
[0m[32m[D][0m Waiting for a connection at local:///var/folders/2d/hl2cr85d2pb2kfbmsng3267c0000gn/T/bsp-launcher14924760321494725454/bsp.socket...
The server is listening for incoming connections at local:///var/folders/2d/hl2cr85d2pb2kfbmsng3267c0000gn/T/bsp-launcher14924760321494725454/bsp.socket...
Starting thread that pumps stdin and redirects it to the bsp server...
Starting thread that pumps server stdout and redirects it to the client stdout...
[0m2022.05.21 09:04:11 INFO  tracing is disabled for protocol BSP, to enable tracing of incoming and outgoing JSON messages create an empty file at /Users/saremseitz/Library/Caches/org.scalameta.metals/bsp.trace.json[0m
[0m2022.05.21 09:04:11 INFO  time: Connected to build server in 5.09s[0m
[0m2022.05.21 09:04:11 INFO  Connected to Build server: Bloop v1.4.11[0m
[0m2022.05.21 09:04:12 INFO  [info] loading global plugins from /Users/saremseitz/.sbt/1.0/plugins[0m
[0m2022.05.21 09:04:14 INFO  no build target: using presentation compiler with only scala-library: 3.1.0[0m
[0m2022.05.21 09:04:15 INFO  [info] loading settings for project sentiment-stream-build-build-build from metals.sbt ...[0m
[0m2022.05.21 09:04:15 INFO  [info] loading project definition from /Users/saremseitz/Documents/Projects/Invest/showcases/reddit-stream/sentiment-stream/project/project/project[0m
May 21, 2022 9:04:15 AM org.eclipse.lsp4j.jsonrpc.RemoteEndpoint handleCancellation
WARNING: Unmatched cancel notification for request id 1
[0m2022.05.21 09:04:16 INFO  time: Imported build in 0.25s[0m
[0m2022.05.21 09:04:16 INFO  [info] loading settings for project sentiment-stream-build-build from metals.sbt ...[0m
[0m2022.05.21 09:04:16 INFO  [info] loading project definition from /Users/saremseitz/Documents/Projects/Invest/showcases/reddit-stream/sentiment-stream/project/project[0m
[0m2022.05.21 09:04:18 INFO  no build target: using presentation compiler with only scala-library: 3.1.0[0m
[0m2022.05.21 09:04:19 INFO  [success] Generated .bloop/sentiment-stream-build-build.json[0m
[0m2022.05.21 09:04:19 INFO  [success] Total time: 3 s, completed 21 May 2022, 09:04:19[0m
[0m2022.05.21 09:04:21 INFO  compiling sentiment-stream (1 scala source)[0m
[0m2022.05.21 09:04:21 INFO  [info] loading settings for project sentiment-stream-build from metals.sbt,plugins.sbt ...[0m
[0m2022.05.21 09:04:21 INFO  [info] loading project definition from /Users/saremseitz/Documents/Projects/Invest/showcases/reddit-stream/sentiment-stream/project[0m
[0m2022.05.21 09:04:23 INFO  [success] Total time: 1 s, completed 21 May 2022, 09:04:23[0m
[0m2022.05.21 09:04:26 ERROR /Users/saremseitz/Documents/Projects/Invest/showcases/reddit-stream/sentiment-stream/build.sbt:18: warning: method in in trait ScopingSetting is deprecated (since 1.5.0): `in` is deprecated; migrate to slash syntax - https://www.scala-sbt.org/1.x/docs/Migrating-from-sbt-013x.html#slash[0m
[0m2022.05.21 09:04:26 ERROR fork in run := true[0m
[0m2022.05.21 09:04:26 ERROR      ^[0m
[0m2022.05.21 09:04:26 INFO  time: indexed workspace in 10s[0m
[0m2022.05.21 09:04:27 INFO  Deduplicating compilation of sentiment-stream from bsp client 'Metals 0.10.9' (since 16.612s)[0m
[0m2022.05.21 09:04:27 INFO  compiling sentiment-stream (1 scala source)[0m
[0m2022.05.21 09:04:26 ERROR /Users/saremseitz/Documents/Projects/Invest/showcases/reddit-stream/sentiment-stream/build.sbt:21: warning: method in in trait ScopingSetting is deprecated (since 1.5.0): `in` is deprecated; migrate to slash syntax - https://www.scala-sbt.org/1.x/docs/Migrating-from-sbt-013x.html#slash[0m
[0m2022.05.21 09:04:26 ERROR testOptions in Test += Tests.Argument(TestFrameworks.ScalaTest, "-oD")[0m
[0m2022.05.21 09:04:26 ERROR             ^[0m
[0m2022.05.21 09:04:27 INFO  [info] loading settings for project sentiment-stream from build.sbt ...[0m
[0m2022.05.21 09:04:28 ERROR java.lang.RuntimeException: Java 1.8 is required for this project. Found 11 instead[0m
[0m2022.05.21 09:04:28 ERROR 	at scala.sys.package$.error(package.scala:30)[0m
[0m2022.05.21 09:04:28 ERROR 	at $966701fb7d85fd6aa3b0$.$anonfun$$sbtdef$1(/Users/saremseitz/Documents/Projects/Invest/showcases/reddit-stream/sentiment-stream/build.sbt:29)[0m
[0m2022.05.21 09:04:28 ERROR 	at $966701fb7d85fd6aa3b0$.$anonfun$$sbtdef$1$adapted(/Users/saremseitz/Documents/Projects/Invest/showcases/reddit-stream/sentiment-stream/build.sbt:25)[0m
[0m2022.05.21 09:04:28 ERROR 	at scala.Function1.$anonfun$compose$1(Function1.scala:49)[0m
[0m2022.05.21 09:04:28 ERROR 	at sbt.internal.util.EvaluateSettings$MixedNode.evaluate0(INode.scala:228)[0m
[0m2022.05.21 09:04:28 ERROR 	at sbt.internal.util.EvaluateSettings$INode.evaluate(INode.scala:170)[0m
[0m2022.05.21 09:04:28 ERROR 	at sbt.internal.util.EvaluateSettings.$anonfun$submitEvaluate$1(INode.scala:87)[0m
[0m2022.05.21 09:04:28 ERROR 	at sbt.internal.util.EvaluateSettings.sbt$internal$util$EvaluateSettings$$run0(INode.scala:99)[0m
[0m2022.05.21 09:04:28 ERROR 	at sbt.internal.util.EvaluateSettings$$anon$3.run(INode.scala:94)[0m
[0m2022.05.21 09:04:28 ERROR 	at java.base/java.util.concurrent.ThreadPoolExecutor.runWorker(ThreadPoolExecutor.java:1128)[0m
[0m2022.05.21 09:04:28 ERROR 	at java.base/java.util.concurrent.ThreadPoolExecutor$Worker.run(ThreadPoolExecutor.java:628)[0m
[0m2022.05.21 09:04:28 ERROR 	at java.base/java.lang.Thread.run(Thread.java:834)[0m
[0m2022.05.21 09:04:27 INFO  [error] Java 1.8 is required for this project. Found 11 instead[0m
[0m2022.05.21 09:04:27 INFO  [error] Use 'last' for the full log.[0m
[0m2022.05.21 09:04:27 INFO  [warn] Project loading failed: (r)etry, (q)uit, (l)ast, or (i)gnore? (default: r)[0m
[0m2022.05.21 09:04:28 INFO  time: ran 'sbt bloopInstall' in 20s[0m
[0m2022.05.21 09:04:28 ERROR sbt command failed: /Library/Java/JavaVirtualMachines/openjdk-11.0.2.jdk/Contents/Home/bin/java -Djline.terminal=jline.UnsupportedTerminal -Dsbt.log.noformat=true -Dfile.encoding=UTF-8 -jar /var/folders/2d/hl2cr85d2pb2kfbmsng3267c0000gn/T/metals15206563446532526791/sbt-launch.jar -Dbloop.export-jar-classifiers=sources bloopInstall[0m
[0m2022.05.21 09:04:28 INFO  Disconnecting from Bloop session...[0m
[0m2022.05.21 09:04:28 INFO  Shut down connection with build server.[0m
[0m2022.05.21 09:04:28 INFO  Shut down connection with build server.[0m
[0m2022.05.21 09:04:28 INFO  Shut down connection with build server.[0m
No more data in the client stdin, exiting...
No more data in the client stdin, exiting...
No more data in the client stdin, exiting...
[0m2022.05.21 09:04:28 INFO  Attempting to connect to the build server...[0m
No more data in the server stdin, exiting...
No more data in the server stdin, exiting...
No more data in the server stdin, exiting...
No more data in the server stdin, exiting...
No more data in the server stdin, exiting...
No more data in the server stdin, exiting...
Starting the bsp launcher for bloop...
Opening a bsp server connection with 'bsp --protocol local --socket /var/folders/2d/hl2cr85d2pb2kfbmsng3267c0000gn/T/bsp-launcher7798575702904282949/bsp.socket'...
Waiting for the bsp connection to come up...
[0m2022.05.21 09:04:28 ERROR Unexpected error initializing server
scala.meta.internal.metals.MetalsBspException: BSP connection failed in the attempt to get: CompileResult.  Boxed InterruptedException
	at scala.meta.internal.metals.BuildServerConnection$$anonfun$1.applyOrElse(BuildServerConnection.scala:252)
	at scala.meta.internal.metals.BuildServerConnection$$anonfun$1.applyOrElse(BuildServerConnection.scala:244)
	at scala.concurrent.Future.$anonfun$recoverWith$1(Future.scala:417)
	at scala.concurrent.impl.Promise.$anonfun$transformWith$1(Promise.scala:41)
	at scala.concurrent.impl.CallbackRunnable.run(Promise.scala:64)
	at java.util.concurrent.ThreadPoolExecutor.runWorker(ThreadPoolExecutor.java:1128)
	at java.util.concurrent.ThreadPoolExecutor$Worker.run(ThreadPoolExecutor.java:628)
	at java.lang.Thread.run(Thread.java:834)
[0m
[0m[32m[D][0m Waiting for a connection at local:///var/folders/2d/hl2cr85d2pb2kfbmsng3267c0000gn/T/bsp-launcher7798575702904282949/bsp.socket...
The server is listening for incoming connections at local:///var/folders/2d/hl2cr85d2pb2kfbmsng3267c0000gn/T/bsp-launcher7798575702904282949/bsp.socket...
Starting thread that pumps stdin and redirects it to the bsp server...
Starting thread that pumps server stdout and redirects it to the client stdout...
[0m2022.05.21 09:04:28 INFO  tracing is disabled for protocol BSP, to enable tracing of incoming and outgoing JSON messages create an empty file at /Users/saremseitz/Library/Caches/org.scalameta.metals/bsp.trace.json[0m
[0m2022.05.21 09:04:28 INFO  Attempting to connect to the build server...[0m
Starting the bsp launcher for bloop...
[0mOpening a bsp server connection with 'bsp --protocol local --socket /var/folders/2d/hl2cr85d2pb2kfbmsng3267c0000gn/T/bsp-launcher8973916612985602162/bsp.socket'...2022.05.21 09:04:28 INFO  Attempting to connect to the build server...
[0m
Waiting for the bsp connection to come up...
Starting the bsp launcher for bloop...
Opening a bsp server connection with 'bsp --protocol local --socket /var/folders/2d/hl2cr85d2pb2kfbmsng3267c0000gn/T/bsp-launcher17418899576097545519/bsp.socket'...
Waiting for the bsp connection to come up...
[0m[32m[D][0m Waiting for a connection at local:///var/folders/2d/hl2cr85d2pb2kfbmsng3267c0000gn/T/bsp-launcher8973916612985602162/bsp.socket...
The server is listening for incoming connections at local:///var/folders/2d/hl2cr85d2pb2kfbmsng3267c0000gn/T/bsp-launcher8973916612985602162/bsp.socket...
Starting thread that pumps stdin and redirects it to the bsp server...
Starting thread that pumps server stdout and redirects it to the client stdout...
[0m2022.05.21 09:04:28 INFO  tracing is disabled for protocol BSP, to enable tracing of incoming and outgoing JSON messages create an empty file at /Users/saremseitz/Library/Caches/org.scalameta.metals/bsp.trace.json[0m
[0m[32m[D][0m Waiting for a connection at local:///var/folders/2d/hl2cr85d2pb2kfbmsng3267c0000gn/T/bsp-launcher17418899576097545519/bsp.socket...
The server is listening for incoming connections at local:///var/folders/2d/hl2cr85d2pb2kfbmsng3267c0000gn/T/bsp-launcher17418899576097545519/bsp.socket...
Starting thread that pumps stdin and redirects it to the bsp server...
Starting thread that pumps server stdout and redirects it to the client stdout...
[0m2022.05.21 09:04:28 INFO  tracing is disabled for protocol BSP, to enable tracing of incoming and outgoing JSON messages create an empty file at /Users/saremseitz/Library/Caches/org.scalameta.metals/bsp.trace.json[0m
[0m2022.05.21 09:04:28 INFO  time: Connected to build server in 0.14s[0m
[0m2022.05.21 09:04:28 INFO  Connected to Build server: Bloop v1.4.11[0m
[0m2022.05.21 09:04:29 INFO  no build target: using presentation compiler with only scala-library: 2.12.15[0m
[0m2022.05.21 09:04:33 INFO  time: indexed workspace in 3.76s[0m
[0m2022.05.21 09:04:33 INFO  compiling sentiment-stream (1 scala source)[0m
[0m2022.05.21 09:04:34 INFO  no build target: using presentation compiler with only scala-library: 2.12.15[0m
[0m2022.05.21 09:04:36 INFO  time: compiled sentiment-stream in 2.9s[0m
[0m2022.05.21 15:35:31 INFO  Started: Metals version 0.10.9 in workspace '/Users/saremseitz/Documents/Projects/Invest/showcases/reddit-stream/sentiment-stream' for client coc.nvim 0.0.80.[0m
[0m2022.05.21 15:35:34 INFO  time: initialize in 3.24s[0m
[0m2022.05.21 15:35:37 INFO  Attempting to connect to the build server...[0m
Starting the bsp launcher for bloop...
Opening a bsp server connection with 'bsp --protocol local --socket /var/folders/2d/hl2cr85d2pb2kfbmsng3267c0000gn/T/bsp-launcher10069446092225720610/bsp.socket'...
Waiting for the bsp connection to come up...
[0m2022.05.21 15:35:37 INFO  skipping build import with status 'Failed'[0m
[0m[32m[D][0m Waiting for a connection at local:///var/folders/2d/hl2cr85d2pb2kfbmsng3267c0000gn/T/bsp-launcher10069446092225720610/bsp.socket...
The server is listening for incoming connections at local:///var/folders/2d/hl2cr85d2pb2kfbmsng3267c0000gn/T/bsp-launcher10069446092225720610/bsp.socket...
Starting thread that pumps stdin and redirects it to the bsp server...
Starting thread that pumps server stdout and redirects it to the client stdout...
[0m2022.05.21 15:35:38 INFO  tracing is disabled for protocol BSP, to enable tracing of incoming and outgoing JSON messages create an empty file at /Users/saremseitz/Library/Caches/org.scalameta.metals/bsp.trace.json[0m
[0m2022.05.21 15:35:38 INFO  Attempting to connect to the build server...[0m
Starting the bsp launcher for bloop...
[0m2022.05.21 15:35:38 INFO  Attempting to connect to the build server...[0m
Opening a bsp server connection with 'bsp --protocol local --socket /var/folders/2d/hl2cr85d2pb2kfbmsng3267c0000gn/T/bsp-launcher16804543305983336360/bsp.socket'...
Waiting for the bsp connection to come up...
Starting the bsp launcher for bloop...
Opening a bsp server connection with 'bsp --protocol local --socket /var/folders/2d/hl2cr85d2pb2kfbmsng3267c0000gn/T/bsp-launcher8973611569158486680/bsp.socket'...
Waiting for the bsp connection to come up...
[0m[32m[D][0m Waiting for a connection at local:///var/folders/2d/hl2cr85d2pb2kfbmsng3267c0000gn/T/bsp-launcher16804543305983336360/bsp.socket...
The server is listening for incoming connections at local:///var/folders/2d/hl2cr85d2pb2kfbmsng3267c0000gn/T/bsp-launcher16804543305983336360/bsp.socket...
Starting thread that pumps stdin and redirects it to the bsp server...
Starting thread that pumps server stdout and redirects it to the client stdout...
[0m2022.05.21 15:35:38 INFO  tracing is disabled for protocol BSP, to enable tracing of incoming and outgoing JSON messages create an empty file at /Users/saremseitz/Library/Caches/org.scalameta.metals/bsp.trace.json[0m
[0m[32m[D][0m Waiting for a connection at local:///var/folders/2d/hl2cr85d2pb2kfbmsng3267c0000gn/T/bsp-launcher8973611569158486680/bsp.socket...
The server is listening for incoming connections at local:///var/folders/2d/hl2cr85d2pb2kfbmsng3267c0000gn/T/bsp-launcher8973611569158486680/bsp.socket...
Starting thread that pumps stdin and redirects it to the bsp server...
Starting thread that pumps server stdout and redirects it to the client stdout...
[0m2022.05.21 15:35:38 INFO  tracing is disabled for protocol BSP, to enable tracing of incoming and outgoing JSON messages create an empty file at /Users/saremseitz/Library/Caches/org.scalameta.metals/bsp.trace.json[0m
[0m2022.05.21 15:35:38 INFO  time: Connected to build server in 1.81s[0m
[0m2022.05.21 15:35:38 INFO  Connected to Build server: Bloop v1.4.11[0m
[0m2022.05.21 15:35:39 INFO  time: Imported build in 0.82s[0m
No more data in the server stdin, exiting...
No more data in the server stdin, exiting...
No more data in the server stdin, exiting...
No more data in the server stdin, exiting...
No more data in the server stdin, exiting...
No more data in the server stdin, exiting...
No more data in the server stdin, exiting...
No more data in the server stdin, exiting...
No more data in the server stdin, exiting...
No more data in the server stdin, exiting...
No more data in the server stdin, exiting...
No more data in the server stdin, exiting...
No more data in the client stdin, exiting...
No more data in the client stdin, exiting...
No more data in the client stdin, exiting...
[0m2022.05.21 15:35:57 INFO  time: indexed workspace in 17s[0m
Starting the bsp launcher for bloop...
Opening a bsp server connection with 'bsp --protocol local --socket /var/folders/2d/hl2cr85d2pb2kfbmsng3267c0000gn/T/bsp-launcher8638865543490106982/bsp.socket'...
Waiting for the bsp connection to come up...
Starting the bsp launcher for bloop...
Opening a bsp server connection with 'bsp --protocol local --socket /var/folders/2d/hl2cr85d2pb2kfbmsng3267c0000gn/T/bsp-launcher768855851672299731/bsp.socket'...
Starting the bsp launcher for bloop...
Opening a bsp server connection with 'bsp --protocol local --socket /var/folders/2d/hl2cr85d2pb2kfbmsng3267c0000gn/T/bsp-launcher217777014508853062/bsp.socket'...
Waiting for the bsp connection to come up...
Starting the bsp launcher for bloop...
Opening a bsp server connection with 'bsp --protocol local --socket /var/folders/2d/hl2cr85d2pb2kfbmsng3267c0000gn/T/bsp-launcher8903476262018806946/bsp.socket'...
Waiting for the bsp connection to come up...
Waiting for the bsp connection to come up...
Waiting for the bsp connection to come up...
Waiting for the bsp connection to come up...
Waiting for the bsp connection to come up...
Waiting for the bsp connection to come up...
Waiting for the bsp connection to come up...
Waiting for the bsp connection to come up...
Waiting for the bsp connection to come up...
Waiting for the bsp connection to come up...
Waiting for the bsp connection to come up...
Waiting for the bsp connection to come up...
Waiting for the bsp connection to come up...
Waiting for the bsp connection to come up...
Waiting for the bsp connection to come up...
Waiting for the bsp connection to come up...
Waiting for the bsp connection to come up...
Waiting for the bsp connection to come up...
Waiting for the bsp connection to come up...
Waiting for the bsp connection to come up...
Waiting for the bsp connection to come up...
Waiting for the bsp connection to come up...
[0m2022.05.21 15:36:03 INFO  no build target: using presentation compiler with only scala-library: 2.12.15[0m
No server running at 127.0.0.1:8212, let's fire one...
Resolving ch.epfl.scala:bloop-frontend_2.12:1.4.11...
Starting bloop server at 127.0.0.1:8212...
Attempting a connection to the server...
Attempting a connection to the server...
Attempting a connection to the server...
Attempting a connection to the server...
Attempting a connection to the server...
Attempting a connection to the server...
Attempting a connection to the server...
Attempting a connection to the server...
Attempting a connection to the server...
Attempting a connection to the server...
Attempting a connection to the server...
Attempting a connection to the server...
Attempting a connection to the server...
Attempting a connection to the server...
Attempting a connection to the server...
Attempting a connection to the server...
Attempting a connection to the server...
[0m[32m[D][0m Waiting for a connection at local:///var/folders/2d/hl2cr85d2pb2kfbmsng3267c0000gn/T/bsp-launcher8903476262018806946/bsp.socket...
The server is listening for incoming connections at local:///var/folders/2d/hl2cr85d2pb2kfbmsng3267c0000gn/T/bsp-launcher8903476262018806946/bsp.socket...
Starting thread that pumps stdin and redirects it to the bsp server...
No server running at 127.0.0.1:8212, let's fire one...
Resolving ch.epfl.scala:bloop-frontend_2.12:1.4.11...
Starting bloop server at 127.0.0.1:8212...
Attempting a connection to the server...
Attempting a connection to the server...
Attempting a connection to the server...
Attempting a connection to the server...
Attempting a connection to the server...
Attempting a connection to the server...
Attempting a connection to the server...
Attempting a connection to the server...
Attempting a connection to the server...
Attempting a connection to the server...
Attempting a connection to the server...
Attempting a connection to the server...
Attempting a connection to the server...
Attempting a connection to the server...
Attempting a connection to the server...
Attempting a connection to the server...
Attempting a connection to the server...
[0m[32m[D][0m Waiting for a connection at local:///var/folders/2d/hl2cr85d2pb2kfbmsng3267c0000gn/T/bsp-launcher768855851672299731/bsp.socket...
The server is listening for incoming connections at local:///var/folders/2d/hl2cr85d2pb2kfbmsng3267c0000gn/T/bsp-launcher768855851672299731/bsp.socket...
Starting thread that pumps server stdout and redirects it to the client stdout...
[0mNo server running at 127.0.0.1:8212, let's fire one...
Resolving ch.epfl.scala:bloop-frontend_2.12:1.4.11...
Starting bloop server at 127.0.0.1:8212...
Attempting a connection to the server...
Attempting a connection to the server...
Attempting a connection to the server...
Attempting a connection to the server...
Attempting a connection to the server...
Attempting a connection to the server...
Attempting a connection to the server...
Attempting a connection to the server...
Attempting a connection to the server...
Attempting a connection to the server...
Attempting a connection to the server...
Attempting a connection to the server...
Attempting a connection to the server...
Attempting a connection to the server...
Attempting a connection to the server...
Attempting a connection to the server...
Attempting a connection to the server...
[0m[32m[D][0m Waiting for a connection at local:///var/folders/2d/hl2cr85d2pb2kfbmsng3267c0000gn/T/bsp-launcher217777014508853062/bsp.socket...
The server is listening for incoming connections at local:///var/folders/2d/hl2cr85d2pb2kfbmsng3267c0000gn/T/bsp-launcher217777014508853062/bsp.socket...2022.05.21 15:36:03 INFO  tracing is disabled for protocol BSP, to enable tracing of incoming and outgoing JSON messages create an empty file at /Users/saremseitz/Library/Caches/org.scalameta.metals/bsp.trace.json[0m

Starting thread that pumps stdin and redirects it to the bsp server...
Starting thread that pumps stdin and redirects it to the bsp server...
Starting thread that pumps server stdout and redirects it to the client stdout...
No server running at 127.0.0.1:8212, let's fire one...
Resolving ch.epfl.scala:bloop-frontend_2.12:1.4.11...
Starting bloop server at 127.0.0.1:8212...
Attempting a connection to the server...
Attempting a connection to the server...
Attempting a connection to the server...
Attempting a connection to the server...
Attempting a connection to the server...
Attempting a connection to the server...
Attempting a connection to the server...
Attempting a connection to the server...
Attempting a connection to the server...
Attempting a connection to the server...
Attempting a connection to the server...
Attempting a connection to the server...
Attempting a connection to the server...
Attempting a connection to the server...
Attempting a connection to the server...
Attempting a connection to the server...
Attempting a connection to the server...
[0m[32m[D][0m Waiting for a connection at local:///var/folders/2d/hl2cr85d2pb2kfbmsng3267c0000gn/T/bsp-launcher8638865543490106982/bsp.socket...
The server is listening for incoming connections at local:///var/folders/2d/hl2cr85d2pb2kfbmsng3267c0000gn/T/bsp-launcher8638865543490106982/bsp.socket...
Starting thread that pumps server stdout and redirects it to the client stdout...
[0m2022.05.21 15:36:03 INFO  tracing is disabled for protocol BSP, to enable tracing of incoming and outgoing JSON messages create an empty file at /Users/saremseitz/Library/Caches/org.scalameta.metals/bsp.trace.json[0m
[0m2022.05.21 15:36:03 INFO  tracing is disabled for protocol BSP, to enable tracing of incoming and outgoing JSON messages create an empty file at /Users/saremseitz/Library/Caches/org.scalameta.metals/bsp.trace.json[0m
Starting thread that pumps stdin and redirects it to the bsp server...
Starting thread that pumps server stdout and redirects it to the client stdout...
[0m2022.05.21 15:36:03 INFO  tracing is disabled for protocol BSP, to enable tracing of incoming and outgoing JSON messages create an empty file at /Users/saremseitz/Library/Caches/org.scalameta.metals/bsp.trace.json[0m
[0m2022.05.21 15:36:05 INFO  Connected to Build server: Bloop v1.4.11[0m
[0m2022.05.21 15:36:05 INFO  time: Imported build in 0.21s[0m
[0m2022.05.21 15:36:16 INFO  time: indexed workspace in 10s[0m
[0m2022.05.21 15:36:18 INFO  no build target: using presentation compiler with only scala-library: 2.12.15[0m
[0m2022.05.21 15:36:18 INFO  Started: Metals version 0.10.9 in workspace '/Users/saremseitz/Documents/Projects/Invest/showcases/reddit-stream/sentiment-stream' for client coc.nvim 0.0.80.[0m
[0m2022.05.21 15:36:20 INFO  time: initialize in 1.97s[0m
[0m2022.05.21 15:36:21 INFO  Attempting to connect to the build server...[0m
Starting the bsp launcher for bloop...
Opening a bsp server connection with 'bsp --protocol local --socket /var/folders/2d/hl2cr85d2pb2kfbmsng3267c0000gn/T/bsp-launcher16948374626295848292/bsp.socket'...
Waiting for the bsp connection to come up...
[0m[32m[D][0m Waiting for a connection at local:///var/folders/2d/hl2cr85d2pb2kfbmsng3267c0000gn/T/bsp-launcher16948374626295848292/bsp.socket...
The server is listening for incoming connections at local:///var/folders/2d/hl2cr85d2pb2kfbmsng3267c0000gn/T/bsp-launcher16948374626295848292/bsp.socket...
[0m2022.05.21 15:36:20 INFO  skipping build import with status 'Failed'[0m
Starting thread that pumps stdin and redirects it to the bsp server...
Starting thread that pumps server stdout and redirects it to the client stdout...
[0m2022.05.21 15:36:21 INFO  tracing is disabled for protocol BSP, to enable tracing of incoming and outgoing JSON messages create an empty file at /Users/saremseitz/Library/Caches/org.scalameta.metals/bsp.trace.json[0m
[0m2022.05.21 15:36:21 INFO  Attempting to connect to the build server...[0m
Starting the bsp launcher for bloop...
[0m2022.05.21 15:36:21 INFO  Attempting to connect to the build server...Opening a bsp server connection with 'bsp --protocol local --socket /var/folders/2d/hl2cr85d2pb2kfbmsng3267c0000gn/T/bsp-launcher8533374860262288164/bsp.socket'...[0m

Waiting for the bsp connection to come up...
Starting the bsp launcher for bloop...
Opening a bsp server connection with 'bsp --protocol local --socket /var/folders/2d/hl2cr85d2pb2kfbmsng3267c0000gn/T/bsp-launcher13480140578959322501/bsp.socket'...
Waiting for the bsp connection to come up...
[0m[32m[D][0m Waiting for a connection at local:///var/folders/2d/hl2cr85d2pb2kfbmsng3267c0000gn/T/bsp-launcher8533374860262288164/bsp.socket...
The server is listening for incoming connections at local:///var/folders/2d/hl2cr85d2pb2kfbmsng3267c0000gn/T/bsp-launcher8533374860262288164/bsp.socket...
Starting thread that pumps stdin and redirects it to the bsp server...
[0m[32m[D][0m Waiting for a connection at local:///var/folders/2d/hl2cr85d2pb2kfbmsng3267c0000gn/T/bsp-launcher13480140578959322501/bsp.socket...
The server is listening for incoming connections at local:///var/folders/2d/hl2cr85d2pb2kfbmsng3267c0000gn/T/bsp-launcher13480140578959322501/bsp.socket...
Starting thread that pumps server stdout and redirects it to the client stdout...
Starting thread that pumps stdin and redirects it to the bsp server...
Starting thread that pumps server stdout and redirects it to the client stdout...
[0m2022.05.21 15:36:21 INFO  tracing is disabled for protocol BSP, to enable tracing of incoming and outgoing JSON messages create an empty file at /Users/saremseitz/Library/Caches/org.scalameta.metals/bsp.trace.json[0m
[0m2022.05.21 15:36:21 INFO  tracing is disabled for protocol BSP, to enable tracing of incoming and outgoing JSON messages create an empty file at /Users/saremseitz/Library/Caches/org.scalameta.metals/bsp.trace.json[0m
[0m2022.05.21 15:36:22 INFO  time: Connected to build server in 0.7s[0m
[0m2022.05.21 15:36:22 INFO  Connected to Build server: Bloop v1.4.11[0m
[0m2022.05.21 15:36:22 INFO  time: Imported build in 0.13s[0m
[0m2022.05.21 15:36:33 INFO  time: indexed workspace in 11s[0m
[0m2022.05.21 15:36:38 INFO  no build target: using presentation compiler with only scala-library: 2.12.15[0m
[0m2022.05.21 15:37:04 INFO  compiling sentiment-stream (1 scala source)[0m[0m
2022.05.21 15:37:04 INFO  Deduplicating compilation of sentiment-stream from bsp client 'Metals 0.10.9' (since 1m 0.375s)[0m
[0m2022.05.21 15:37:04 INFO  compiling sentiment-stream (1 scala source)[0m
[0m2022.05.21 15:37:10 INFO  time: compiled sentiment-stream in 6.15s[0m
[0m2022.05.21 15:37:10 INFO  time: compiled sentiment-stream in 6.22s[0m
[0m2022.05.21 15:37:22 INFO  Deduplicating compilation of sentiment-stream from bsp client 'Metals 0.10.9' (since 1m 18.594s)[0m
[0m2022.05.21 15:37:22 INFO  compiling sentiment-stream (1 scala source)[0m
[0m2022.05.21 15:37:22 INFO  compiling sentiment-stream (1 scala source)[0m
[0m2022.05.21 15:37:35 INFO  time: compiled sentiment-stream in 12s[0m
[0m2022.05.21 15:37:35 INFO  time: compiled sentiment-stream in 12s[0m
[0m2022.05.21 15:38:00 INFO  Deduplicating compilation of sentiment-stream from bsp client 'Metals 0.10.9' (since 1m 56.424s)[0m
[0m2022.05.21 15:38:00 INFO  compiling sentiment-stream (1 scala source)[0m
[0m2022.05.21 15:38:00 INFO  compiling sentiment-stream (1 scala source)[0m
[0m2022.05.21 15:38:02 INFO  time: compiled sentiment-stream in 1.68s[0m
[0m2022.05.21 15:38:02 INFO  time: compiled sentiment-stream in 1.7s[0m
[0m2022.05.21 15:38:31 INFO  compiling sentiment-stream (1 scala source)[0m
[0m2022.05.21 15:38:31 INFO  Deduplicating compilation of sentiment-stream from bsp client 'Metals 0.10.9' (since 2m 26.938s)[0m
[0m2022.05.21 15:38:31 INFO  compiling sentiment-stream (1 scala source)[0m
[0m2022.05.21 15:38:34 INFO  [0mtime: compiled sentiment-stream in 3.92s2022.05.21 15:38:34[0m 
INFO  time: compiled sentiment-stream in 3.87s[0m
[0m2022.05.21 15:58:59 INFO  Deduplicating compilation of sentiment-stream from bsp client 'Metals 0.10.9' (since 22m 55.68s)[0m
[0m2022.05.21 15:58:59 INFO  compiling sentiment-stream (1 scala source)[0m
[0m2022.05.21 15:58:59 INFO  compiling sentiment-stream (1 scala source)[0m
[0m[0m2022.05.21 15:59:022022.05.21 15:59:02  INFO INFO   time: compiled sentiment-stream in 3.05stime: compiled sentiment-stream in 3.06s[0m
[0m
